#! /usr/share/iverilog-0.9.7/bin/vvp
:ivl_version "0.9.7 " "(v0_9_6)";
:vpi_time_precision + 0;
:vpi_module "system";
:vpi_module "v2005_math";
:vpi_module "va_math";
S_0xeab080 .scope module, "testbench" "testbench" 2 3;
 .timescale 0 0;
v0xee7420_0 .var "A", 7 0;
v0xee74c0_0 .net "ALU_Out", 7 0, v0xee6d80_0; 1 drivers
v0xee7570_0 .var "ALU_Sel", 3 0;
v0xee7620_0 .var "B", 7 0;
v0xee7700_0 .net "CarryOut", 0 0, L_0xee7cf0; 1 drivers
v0xee77b0_0 .var/i "i", 31 0;
S_0xeab660 .scope module, "alu1" "ALU" 2 12, 3 2, S_0xeab080;
 .timescale 0 0;
v0xed29d0_0 .net "A", 7 0, v0xee7420_0; 1 drivers
v0xee6ce0_0 .alias "ALU_Out", 7 0, v0xee74c0_0;
v0xee6d80_0 .var "ALU_Res", 7 0;
v0xee6e20_0 .net "ALU_Sel", 3 0, v0xee7570_0; 1 drivers
v0xee6ed0_0 .net "B", 7 0, v0xee7620_0; 1 drivers
v0xee6f70_0 .alias "CarryOut", 0 0, v0xee7700_0;
v0xee7050_0 .net *"_s0", 0 0, C4<0>; 1 drivers
v0xee70f0_0 .net *"_s2", 8 0, L_0xee7870; 1 drivers
v0xee71e0_0 .net *"_s4", 0 0, C4<0>; 1 drivers
v0xee7280_0 .net *"_s6", 8 0, L_0xee79d0; 1 drivers
v0xee7380_0 .net "temp", 8 0, L_0xee7b10; 1 drivers
E_0xeab3d0 .event edge, v0xee6e20_0, v0xed29d0_0, v0xee6ed0_0;
L_0xee7870 .concat [ 8 1 0 0], v0xee7420_0, C4<0>;
L_0xee79d0 .concat [ 8 1 0 0], v0xee7620_0, C4<0>;
L_0xee7b10 .arith/sum 9, L_0xee7870, L_0xee79d0;
L_0xee7cf0 .part L_0xee7b10, 8, 1;
    .scope S_0xeab660;
T_0 ;
    %vpi_call 3 16 "$dumpfile", "dump.vcd";
    %vpi_call 3 17 "$dumpvars", 2'sb01, S_0xeab660;
    %end;
    .thread T_0;
    .scope S_0xeab660;
T_1 ;
    %wait E_0xeab3d0;
    %load/v 8, v0xee6e20_0, 4;
    %cmpi/u 8, 0, 4;
    %jmp/1 T_1.0, 6;
    %cmpi/u 8, 1, 4;
    %jmp/1 T_1.1, 6;
    %cmpi/u 8, 2, 4;
    %jmp/1 T_1.2, 6;
    %cmpi/u 8, 3, 4;
    %jmp/1 T_1.3, 6;
    %cmpi/u 8, 4, 4;
    %jmp/1 T_1.4, 6;
    %cmpi/u 8, 5, 4;
    %jmp/1 T_1.5, 6;
    %cmpi/u 8, 6, 4;
    %jmp/1 T_1.6, 6;
    %cmpi/u 8, 7, 4;
    %jmp/1 T_1.7, 6;
    %cmpi/u 8, 8, 4;
    %jmp/1 T_1.8, 6;
    %cmpi/u 8, 9, 4;
    %jmp/1 T_1.9, 6;
    %cmpi/u 8, 10, 4;
    %jmp/1 T_1.10, 6;
    %cmpi/u 8, 11, 4;
    %jmp/1 T_1.11, 6;
    %cmpi/u 8, 12, 4;
    %jmp/1 T_1.12, 6;
    %cmpi/u 8, 13, 4;
    %jmp/1 T_1.13, 6;
    %cmpi/u 8, 14, 4;
    %jmp/1 T_1.14, 6;
    %cmpi/u 8, 15, 4;
    %jmp/1 T_1.15, 6;
    %load/v 8, v0xed29d0_0, 8;
    %load/v 16, v0xee6ed0_0, 8;
    %add 8, 16, 8;
    %set/v v0xee6d80_0, 8, 8;
    %jmp T_1.17;
T_1.0 ;
    %load/v 8, v0xed29d0_0, 8;
    %load/v 16, v0xee6ed0_0, 8;
    %add 8, 16, 8;
    %set/v v0xee6d80_0, 8, 8;
    %jmp T_1.17;
T_1.1 ;
    %load/v 8, v0xed29d0_0, 8;
    %load/v 16, v0xee6ed0_0, 8;
    %sub 8, 16, 8;
    %set/v v0xee6d80_0, 8, 8;
    %jmp T_1.17;
T_1.2 ;
    %load/v 8, v0xed29d0_0, 8;
    %load/v 16, v0xee6ed0_0, 8;
    %mul 8, 16, 8;
    %set/v v0xee6d80_0, 8, 8;
    %jmp T_1.17;
T_1.3 ;
    %load/v 8, v0xed29d0_0, 8;
    %load/v 16, v0xee6ed0_0, 8;
    %div 8, 16, 8;
    %set/v v0xee6d80_0, 8, 8;
    %jmp T_1.17;
T_1.4 ;
    %load/v 8, v0xed29d0_0, 8;
    %ix/load 0, 1, 0;
    %mov 4, 0, 1;
    %shiftl/i0  8, 8;
    %set/v v0xee6d80_0, 8, 8;
    %jmp T_1.17;
T_1.5 ;
    %load/v 8, v0xed29d0_0, 8;
    %ix/load 0, 1, 0;
    %mov 4, 0, 1;
    %shiftr/i0  8, 8;
    %set/v v0xee6d80_0, 8, 8;
    %jmp T_1.17;
T_1.6 ;
    %ix/load 1, 7, 0;
    %mov 4, 0, 1;
    %jmp/1 T_1.18, 4;
    %load/x1p 16, v0xed29d0_0, 1;
    %jmp T_1.19;
T_1.18 ;
    %mov 16, 2, 1;
T_1.19 ;
    %mov 8, 16, 1; Move signal select into place
    %load/v 9, v0xed29d0_0, 7; Select 7 out of 8 bits
    %set/v v0xee6d80_0, 8, 8;
    %jmp T_1.17;
T_1.7 ;
    %ix/load 1, 1, 0;
    %mov 4, 0, 1;
    %jmp/1 T_1.20, 4;
    %load/x1p 16, v0xed29d0_0, 7;
    %jmp T_1.21;
T_1.20 ;
    %mov 16, 2, 7;
T_1.21 ;
    %mov 8, 16, 7; Move signal select into place
    %load/v 15, v0xed29d0_0, 1; Select 1 out of 8 bits
    %set/v v0xee6d80_0, 8, 8;
    %jmp T_1.17;
T_1.8 ;
    %load/v 8, v0xed29d0_0, 8;
    %load/v 16, v0xee6ed0_0, 8;
    %and 8, 16, 8;
    %set/v v0xee6d80_0, 8, 8;
    %jmp T_1.17;
T_1.9 ;
    %load/v 8, v0xed29d0_0, 8;
    %load/v 16, v0xee6ed0_0, 8;
    %or 8, 16, 8;
    %set/v v0xee6d80_0, 8, 8;
    %jmp T_1.17;
T_1.10 ;
    %load/v 8, v0xed29d0_0, 8;
    %load/v 16, v0xee6ed0_0, 8;
    %xor 8, 16, 8;
    %set/v v0xee6d80_0, 8, 8;
    %jmp T_1.17;
T_1.11 ;
    %load/v 8, v0xed29d0_0, 8;
    %load/v 16, v0xee6ed0_0, 8;
    %or 8, 16, 8;
    %inv 8, 8;
    %set/v v0xee6d80_0, 8, 8;
    %jmp T_1.17;
T_1.12 ;
    %load/v 8, v0xed29d0_0, 8;
    %load/v 16, v0xee6ed0_0, 8;
    %and 8, 16, 8;
    %inv 8, 8;
    %set/v v0xee6d80_0, 8, 8;
    %jmp T_1.17;
T_1.13 ;
    %load/v 8, v0xed29d0_0, 8;
    %load/v 16, v0xee6ed0_0, 8;
    %xor 8, 16, 8;
    %inv 8, 8;
    %set/v v0xee6d80_0, 8, 8;
    %jmp T_1.17;
T_1.14 ;
    %load/v 8, v0xee6ed0_0, 8;
    %load/v 16, v0xed29d0_0, 8;
    %cmp/u 8, 16, 8;
    %mov 8, 5, 1;
    %jmp/0  T_1.22, 8;
    %movi 9, 1, 8;
    %jmp/1  T_1.24, 8;
T_1.22 ; End of true expr.
    %jmp/0  T_1.23, 8;
 ; End of false expr.
    %blend  9, 0, 8; Condition unknown.
    %jmp  T_1.24;
T_1.23 ;
    %mov 9, 0, 8; Return false value
T_1.24 ;
    %set/v v0xee6d80_0, 9, 8;
    %jmp T_1.17;
T_1.15 ;
    %load/v 8, v0xed29d0_0, 8;
    %load/v 16, v0xee6ed0_0, 8;
    %cmp/u 8, 16, 8;
    %mov 8, 4, 1;
    %jmp/0  T_1.25, 8;
    %movi 9, 1, 8;
    %jmp/1  T_1.27, 8;
T_1.25 ; End of true expr.
    %jmp/0  T_1.26, 8;
 ; End of false expr.
    %blend  9, 0, 8; Condition unknown.
    %jmp  T_1.27;
T_1.26 ;
    %mov 9, 0, 8; Return false value
T_1.27 ;
    %set/v v0xee6d80_0, 9, 8;
    %jmp T_1.17;
T_1.17 ;
    %jmp T_1;
    .thread T_1, $push;
    .scope S_0xeab080;
T_2 ;
    %movi 8, 13, 8;
    %set/v v0xee7420_0, 8, 8;
    %movi 8, 1, 8;
    %set/v v0xee7620_0, 8, 8;
    %set/v v0xee7570_0, 0, 4;
    %set/v v0xee77b0_0, 0, 32;
T_2.0 ;
    %load/v 8, v0xee77b0_0, 32;
   %cmpi/s 8, 15, 32;
    %or 5, 4, 1;
    %jmp/0xz T_2.1, 5;
    %delay 10, 0;
    %vpi_call 2 28 "$display", v0xee74c0_0;
    %vpi_call 2 29 "$display", v0xee7700_0;
    %ix/load 0, 1, 0;
    %load/vp0 8, v0xee7570_0, 4;
    %set/v v0xee7570_0, 8, 4;
    %ix/load 0, 1, 0;
    %load/vp0/s 8, v0xee77b0_0, 32;
    %set/v v0xee77b0_0, 8, 32;
    %jmp T_2.0;
T_2.1 ;
    %end;
    .thread T_2;
# The file index is used to find the file name in the following table.
:file_names 4;
    "N/A";
    "<interactive>";
    "testbench.sv";
    "design.sv";
